<?xml version="1.0" encoding="UTF-8"?>
<testsuite name="Probar las Busqueda en Dafiti" tests="1" skipped="0" failures="0" errors="0" timestamp="2021-12-06T04:11:47" hostname="DESKTOP-2BU34TH" time="19.086">
  <properties/>
  <testcase name="Buscar Productos en Dafiti" classname="Probar las Busqueda en Dafiti" time="19.086"/>
  <system-out><![CDATA[




]]></system-out>
  <system-err><![CDATA[Starting ChromeDriver 96.0.4664.45 (76e4c1bb2ab4671b8beba3444e61c0f17584b2fc-refs/branch-heads/4664@{#947}) on port 43089
Only local connections are allowed.
Please see https://chromedriver.chromium.org/security-considerations for suggestions on keeping ChromeDriver safe.
ChromeDriver was started successfully.
dic 05, 2021 11:11:49 PM org.openqa.selenium.remote.ProtocolHandshake createSession
INFORMACIÓN: Detected dialect: W3C
[Test worker] INFO net.thucydides.core.steps.ConsoleLoggingListener - 
        __    _____ _____ ____ _____   ____   _    ____  ____  _____ ____  
  _     \ \  |_   _| ____/ ___|_   _| |  _ \ / \  / ___|/ ___|| ____|  _ \ 
 (_)_____| |   | | |  _| \___ \ | |   | |_) / _ \ \___ \\___ \|  _| | | | |
  _|_____| |   | | | |___ ___) || |   |  __/ ___ \ ___) |___) | |___| |_| |
 (_)     | |   |_| |_____|____/ |_|   |_| /_/   \_\____/|____/|_____|____/ 
        /_/                                                                

TEST PASSED: Buscar Productos en Dafiti
----------------------------------------------------------------------------
]]></system-err>
</testsuite>
